2024-12-12 00:13:14 INFO  Utils:112 - [Utils] MethodGroupsHelper.collectMethodsByGroup() took 1 ms.
2024-12-12 00:13:14 INFO  Utils:112 - [Utils] MethodGroupsHelper.sortMethods() took 1 ms.
2024-12-12 00:13:14 INFO  Utils:112 - [Utils] MethodGroupsHelper.collectMethodsByGroup() took 0 ms.
2024-12-12 00:13:14 INFO  Utils:112 - [Utils] MethodGroupsHelper.sortMethods() took 0 ms.
2024-12-12 00:13:14 INFO  Utils:112 - [Utils] MethodGroupsHelper.collectMethodsByGroup() took 0 ms.
2024-12-12 00:13:14 INFO  Utils:112 - [Utils] MethodGroupsHelper.sortMethods() took 0 ms.
2024-12-12 00:13:14 INFO  Utils:112 - [Utils] MethodGroupsHelper.collectMethodsByGroup() took 0 ms.
2024-12-12 00:13:14 INFO  Utils:112 - [Utils] MethodGroupsHelper.sortMethods() took 0 ms.
2024-12-12 00:13:14 INFO  Utils:112 - [Utils] MethodGroupsHelper.collectMethodsByGroup() took 2 ms.
2024-12-12 00:13:14 INFO  Utils:112 - [Utils] MethodGroupsHelper.sortMethods() took 13 ms.
2024-12-12 00:13:14 INFO  Utils:112 - [Utils] MethodGroupsHelper.collectMethodsByGroup() took 0 ms.
2024-12-12 00:13:14 INFO  Utils:112 - [Utils] MethodGroupsHelper.sortMethods() took 0 ms.
2024-12-12 00:13:14 INFO  Utils:112 - [Utils] MethodGroupsHelper.collectMethodsByGroup() took 0 ms.
2024-12-12 00:13:14 INFO  Utils:112 - [Utils] MethodGroupsHelper.sortMethods() took 0 ms.
2024-12-12 00:13:14 INFO  Utils:112 - [Utils] MethodGroupsHelper.collectMethodsByGroup() took 0 ms.
2024-12-12 00:13:14 INFO  Utils:112 - [Utils] MethodGroupsHelper.sortMethods() took 0 ms.
2024-12-12 00:13:14 INFO  Utils:112 - [Utils] MethodGroupsHelper.collectMethodsByGroup() took 0 ms.
2024-12-12 00:13:14 INFO  Utils:112 - [Utils] MethodGroupsHelper.sortMethods() took 0 ms.
2024-12-12 00:13:14 INFO  Utils:112 - [Utils] MethodGroupsHelper.collectMethodsByGroup() took 0 ms.
2024-12-12 00:13:14 INFO  Utils:112 - [Utils] MethodGroupsHelper.sortMethods() took 0 ms.
2024-12-12 00:13:14 INFO  Utils:112 - [Utils] MethodGroupsHelper.collectMethodsByGroup() took 0 ms.
2024-12-12 00:13:14 INFO  Utils:112 - [Utils] MethodGroupsHelper.sortMethods() took 0 ms.
2024-12-12 00:13:14 INFO  Utils:112 - [Utils] MethodGroupsHelper.collectMethodsByGroup() took 0 ms.
2024-12-12 00:13:14 INFO  Utils:112 - [Utils] MethodGroupsHelper.sortMethods() took 0 ms.
2024-12-12 00:13:14 INFO  Utils:112 - [Utils] MethodGroupsHelper.collectMethodsByGroup() took 0 ms.
2024-12-12 00:13:14 INFO  Utils:112 - [Utils] MethodGroupsHelper.sortMethods() took 0 ms.
2024-12-12 00:13:14 INFO  Utils:112 - [Utils] MethodGroupsHelper.collectMethodsByGroup() took 0 ms.
2024-12-12 00:13:14 INFO  Utils:112 - [Utils] MethodGroupsHelper.sortMethods() took 0 ms.
2024-12-12 00:13:14 INFO  Utils:112 - [Utils] MethodGroupsHelper.collectMethodsByGroup() took 0 ms.
2024-12-12 00:13:14 INFO  Utils:112 - [Utils] MethodGroupsHelper.sortMethods() took 0 ms.
2024-12-12 00:13:14 INFO  Utils:112 - [Utils] MethodGroupsHelper.collectMethodsByGroup() took 0 ms.
2024-12-12 00:13:14 INFO  Utils:112 - [Utils] MethodGroupsHelper.sortMethods() took 0 ms.
2024-12-12 00:13:14 INFO  Utils:112 - [Utils] MethodGroupsHelper.collectMethodsByGroup() took 0 ms.
2024-12-12 00:13:14 INFO  Utils:112 - [Utils] MethodGroupsHelper.sortMethods() took 0 ms.
2024-12-12 00:13:14 INFO  Utils:112 - [Utils] MethodGroupsHelper.collectMethodsByGroup() took 0 ms.
2024-12-12 00:13:14 INFO  Utils:112 - [Utils] MethodGroupsHelper.sortMethods() took 0 ms.
2024-12-12 00:13:14 INFO  Utils:112 - [Utils] MethodGroupsHelper.collectMethodsByGroup() took 0 ms.
2024-12-12 00:13:14 INFO  Utils:112 - [Utils] MethodGroupsHelper.sortMethods() took 0 ms.
2024-12-12 00:13:14 INFO  Utils:112 - [Utils] MethodGroupsHelper.collectMethodsByGroup() took 0 ms.
2024-12-12 00:13:14 INFO  Utils:112 - [Utils] MethodGroupsHelper.sortMethods() took 0 ms.
2024-12-12 00:13:14 INFO  Utils:112 - [Utils] MethodGroupsHelper.collectMethodsByGroup() took 0 ms.
2024-12-12 00:13:14 INFO  Utils:112 - [Utils] MethodGroupsHelper.sortMethods() took 0 ms.
2024-12-12 00:13:14 INFO  Utils:112 - [Utils] MethodGroupsHelper.collectMethodsByGroup() took 0 ms.
2024-12-12 00:13:14 INFO  Utils:112 - [Utils] MethodGroupsHelper.sortMethods() took 0 ms.
2024-12-12 00:13:14 INFO  Utils:112 - [Utils] MethodGroupsHelper.collectMethodsByGroup() took 1 ms.
2024-12-12 00:13:14 INFO  Utils:112 - [Utils] MethodGroupsHelper.sortMethods() took 4 ms.
2024-12-12 00:13:14 INFO  Utils:112 - [Utils] MethodGroupsHelper.collectMethodsByGroup() took 0 ms.
2024-12-12 00:13:14 INFO  Utils:112 - [Utils] MethodGroupsHelper.sortMethods() took 0 ms.
2024-12-12 00:13:14 INFO  Utils:112 - [Utils] MethodGroupsHelper.collectMethodsByGroup() took 0 ms.
2024-12-12 00:13:14 INFO  Utils:112 - [Utils] MethodGroupsHelper.sortMethods() took 0 ms.
2024-12-12 00:13:14 INFO  Utils:112 - [Utils] DynamicGraphHelper.createDynamicGraph() took 4 ms.
2024-12-12 00:13:23 INFO  TC001_AccountRegistrationTest:14 - ***** Starting TC001_AccountRegistrationTest *****
2024-12-12 00:13:23 INFO  TC001_AccountRegistrationTest:21 - clicked on MyAccount Link...
2024-12-12 00:13:24 INFO  TC001_AccountRegistrationTest:24 - clicked on Register Link...
2024-12-12 00:13:24 INFO  TC001_AccountRegistrationTest:29 - Providing customer details...
2024-12-12 00:13:24 INFO  TC001_AccountRegistrationTest:40 - Validating expected message...
2024-12-12 00:13:24 INFO  TC001_AccountRegistrationTest:55 - ***** Finished TC001_AccountRegistrationTest *****
2024-12-12 00:13:26 INFO  TC002_LoginTest:14 - ***** Starting TC002_LoginTest *****
2024-12-12 00:13:27 INFO  TC002_LoginTest:38 - ***** Finished TC_002_LoginTest *****
2024-12-12 00:13:29 INFO  Utils:112 - [TestNG] Time taken by org.testng.reporters.jq.Main@4f94e148: 55 ms
2024-12-12 00:13:29 INFO  Utils:112 - [TestNG] Time taken by org.testng.reporters.FailedReporter@7ff8a9dc: 1 ms
2024-12-12 00:13:29 INFO  Utils:112 - [TestNG] Time taken by org.testng.reporters.XMLReporter@c29fe36: 10 ms
2024-12-12 00:13:29 INFO  Utils:112 - [TestNG] Time taken by org.testng.reporters.EmailableReporter2@77681ce4: 9 ms
2024-12-12 00:13:29 INFO  Utils:112 - [TestNG] Time taken by org.testng.reporters.JUnitReportReporter@7da39774: 7 ms
2024-12-12 00:13:29 INFO  Utils:112 - [TestNG] Time taken by org.testng.internal.ExitCodeListener@441b8382: 0 ms
